mode: set
github.com/AlexBurnes/buildfab/pkg/buildfab/buildfab.go:66.33,67.11 1 1
github.com/AlexBurnes/buildfab/pkg/buildfab/buildfab.go:68.21,69.19 1 1
github.com/AlexBurnes/buildfab/pkg/buildfab/buildfab.go:70.21,71.19 1 1
github.com/AlexBurnes/buildfab/pkg/buildfab/buildfab.go:72.16,73.14 1 1
github.com/AlexBurnes/buildfab/pkg/buildfab/buildfab.go:74.18,75.16 1 1
github.com/AlexBurnes/buildfab/pkg/buildfab/buildfab.go:76.19,77.17 1 1
github.com/AlexBurnes/buildfab/pkg/buildfab/buildfab.go:78.21,79.19 1 1
github.com/AlexBurnes/buildfab/pkg/buildfab/buildfab.go:80.10,81.19 1 1
github.com/AlexBurnes/buildfab/pkg/buildfab/buildfab.go:100.38,113.2 1 1
github.com/AlexBurnes/buildfab/pkg/buildfab/buildfab.go:122.58,123.17 1 1
github.com/AlexBurnes/buildfab/pkg/buildfab/buildfab.go:123.17,125.3 1 1
github.com/AlexBurnes/buildfab/pkg/buildfab/buildfab.go:126.2,129.3 1 1
github.com/AlexBurnes/buildfab/pkg/buildfab/buildfab.go:133.72,135.13 2 1
github.com/AlexBurnes/buildfab/pkg/buildfab/buildfab.go:135.13,137.3 1 1
github.com/AlexBurnes/buildfab/pkg/buildfab/buildfab.go:140.2,140.58 1 1
github.com/AlexBurnes/buildfab/pkg/buildfab/buildfab.go:144.74,146.13 2 1
github.com/AlexBurnes/buildfab/pkg/buildfab/buildfab.go:146.13,148.3 1 1
github.com/AlexBurnes/buildfab/pkg/buildfab/buildfab.go:151.2,151.59 1 1
github.com/AlexBurnes/buildfab/pkg/buildfab/buildfab.go:155.86,157.13 2 1
github.com/AlexBurnes/buildfab/pkg/buildfab/buildfab.go:157.13,159.3 1 1
github.com/AlexBurnes/buildfab/pkg/buildfab/buildfab.go:162.2,163.35 2 1
github.com/AlexBurnes/buildfab/pkg/buildfab/buildfab.go:163.35,164.30 1 1
github.com/AlexBurnes/buildfab/pkg/buildfab/buildfab.go:164.30,166.9 2 1
github.com/AlexBurnes/buildfab/pkg/buildfab/buildfab.go:170.2,170.23 1 1
github.com/AlexBurnes/buildfab/pkg/buildfab/buildfab.go:170.23,172.3 1 1
github.com/AlexBurnes/buildfab/pkg/buildfab/buildfab.go:175.2,175.57 1 1
github.com/AlexBurnes/buildfab/pkg/buildfab/buildfab.go:179.55,185.2 3 1
github.com/AlexBurnes/buildfab/pkg/buildfab/buildfab.go:188.56,189.35 1 1
github.com/AlexBurnes/buildfab/pkg/buildfab/buildfab.go:189.35,190.26 1 1
github.com/AlexBurnes/buildfab/pkg/buildfab/buildfab.go:190.26,192.4 1 1
github.com/AlexBurnes/buildfab/pkg/buildfab/buildfab.go:194.2,194.24 1 1
github.com/AlexBurnes/buildfab/pkg/buildfab/buildfab.go:198.54,201.2 2 1
github.com/AlexBurnes/buildfab/pkg/buildfab/buildfab.go:204.35,205.26 1 1
github.com/AlexBurnes/buildfab/pkg/buildfab/buildfab.go:205.26,207.3 1 1
github.com/AlexBurnes/buildfab/pkg/buildfab/buildfab.go:209.2,209.25 1 1
github.com/AlexBurnes/buildfab/pkg/buildfab/buildfab.go:209.25,211.3 1 1
github.com/AlexBurnes/buildfab/pkg/buildfab/buildfab.go:214.2,215.35 2 1
github.com/AlexBurnes/buildfab/pkg/buildfab/buildfab.go:215.35,216.24 1 1
github.com/AlexBurnes/buildfab/pkg/buildfab/buildfab.go:216.24,218.4 1 1
github.com/AlexBurnes/buildfab/pkg/buildfab/buildfab.go:220.3,220.44 1 1
github.com/AlexBurnes/buildfab/pkg/buildfab/buildfab.go:220.44,222.4 1 1
github.com/AlexBurnes/buildfab/pkg/buildfab/buildfab.go:224.3,224.44 1 1
github.com/AlexBurnes/buildfab/pkg/buildfab/buildfab.go:224.44,226.4 1 1
github.com/AlexBurnes/buildfab/pkg/buildfab/buildfab.go:228.3,228.31 1 1
github.com/AlexBurnes/buildfab/pkg/buildfab/buildfab.go:228.31,230.4 1 1
github.com/AlexBurnes/buildfab/pkg/buildfab/buildfab.go:231.3,231.34 1 1
github.com/AlexBurnes/buildfab/pkg/buildfab/buildfab.go:235.2,235.41 1 1
github.com/AlexBurnes/buildfab/pkg/buildfab/buildfab.go:235.41,236.28 1 1
github.com/AlexBurnes/buildfab/pkg/buildfab/buildfab.go:236.28,238.4 1 1
github.com/AlexBurnes/buildfab/pkg/buildfab/buildfab.go:240.3,240.36 1 1
github.com/AlexBurnes/buildfab/pkg/buildfab/buildfab.go:240.36,241.25 1 1
github.com/AlexBurnes/buildfab/pkg/buildfab/buildfab.go:241.25,243.5 1 1
github.com/AlexBurnes/buildfab/pkg/buildfab/buildfab.go:245.4,245.33 1 1
github.com/AlexBurnes/buildfab/pkg/buildfab/buildfab.go:245.33,247.5 1 1
github.com/AlexBurnes/buildfab/pkg/buildfab/buildfab.go:249.4,249.78 1 1
github.com/AlexBurnes/buildfab/pkg/buildfab/buildfab.go:249.78,251.5 1 1
github.com/AlexBurnes/buildfab/pkg/buildfab/buildfab.go:254.4,254.40 1 1
github.com/AlexBurnes/buildfab/pkg/buildfab/buildfab.go:254.40,255.132 1 1
github.com/AlexBurnes/buildfab/pkg/buildfab/buildfab.go:255.132,257.6 1 1
github.com/AlexBurnes/buildfab/pkg/buildfab/buildfab.go:262.2,262.12 1 1
github.com/AlexBurnes/buildfab/pkg/buildfab/errors.go:13.45,14.18 1 1
github.com/AlexBurnes/buildfab/pkg/buildfab/errors.go:14.18,16.3 1 1
github.com/AlexBurnes/buildfab/pkg/buildfab/errors.go:17.2,17.58 1 1
github.com/AlexBurnes/buildfab/pkg/buildfab/errors.go:28.41,30.2 1 1
github.com/AlexBurnes/buildfab/pkg/buildfab/errors.go:38.42,39.22 1 1
github.com/AlexBurnes/buildfab/pkg/buildfab/errors.go:39.22,41.3 1 1
github.com/AlexBurnes/buildfab/pkg/buildfab/errors.go:42.2,42.55 1 1
github.com/AlexBurnes/buildfab/pkg/buildfab/errors.go:51.40,53.2 1 1
github.com/AlexBurnes/buildfab/pkg/buildfab/types.go:37.37,38.11 1 1
github.com/AlexBurnes/buildfab/pkg/buildfab/types.go:39.25,40.19 1 1
github.com/AlexBurnes/buildfab/pkg/buildfab/types.go:41.25,42.19 1 1
github.com/AlexBurnes/buildfab/pkg/buildfab/types.go:43.20,44.14 1 1
github.com/AlexBurnes/buildfab/pkg/buildfab/types.go:45.22,46.16 1 1
github.com/AlexBurnes/buildfab/pkg/buildfab/types.go:47.23,48.17 1 1
github.com/AlexBurnes/buildfab/pkg/buildfab/types.go:49.25,50.19 1 1
github.com/AlexBurnes/buildfab/pkg/buildfab/types.go:51.10,52.19 1 1
github.com/AlexBurnes/buildfab/internal/config/config.go:23.37,27.2 1 1
github.com/AlexBurnes/buildfab/internal/config/config.go:30.56,33.2 2 1
github.com/AlexBurnes/buildfab/internal/config/config.go:36.51,38.57 1 1
github.com/AlexBurnes/buildfab/internal/config/config.go:38.57,40.3 1 1
github.com/AlexBurnes/buildfab/internal/config/config.go:43.2,44.16 2 1
github.com/AlexBurnes/buildfab/internal/config/config.go:44.16,46.3 1 0
github.com/AlexBurnes/buildfab/internal/config/config.go:47.2,51.16 3 1
github.com/AlexBurnes/buildfab/internal/config/config.go:51.16,53.3 1 0
github.com/AlexBurnes/buildfab/internal/config/config.go:56.2,57.57 2 1
github.com/AlexBurnes/buildfab/internal/config/config.go:57.57,59.3 1 0
github.com/AlexBurnes/buildfab/internal/config/config.go:62.2,62.42 1 1
github.com/AlexBurnes/buildfab/internal/config/config.go:62.42,64.3 1 0
github.com/AlexBurnes/buildfab/internal/config/config.go:66.2,66.21 1 1
github.com/AlexBurnes/buildfab/internal/config/config.go:70.56,81.39 2 1
github.com/AlexBurnes/buildfab/internal/config/config.go:81.39,83.48 2 1
github.com/AlexBurnes/buildfab/internal/config/config.go:83.48,85.4 1 1
github.com/AlexBurnes/buildfab/internal/config/config.go:88.2,88.77 1 1
github.com/AlexBurnes/buildfab/internal/config/config.go:92.83,94.32 1 1
github.com/AlexBurnes/buildfab/internal/config/config.go:94.32,95.34 1 1
github.com/AlexBurnes/buildfab/internal/config/config.go:95.34,97.18 2 1
github.com/AlexBurnes/buildfab/internal/config/config.go:97.18,99.5 1 1
github.com/AlexBurnes/buildfab/internal/config/config.go:100.4,100.36 1 1
github.com/AlexBurnes/buildfab/internal/config/config.go:104.2,104.12 1 1
github.com/AlexBurnes/buildfab/internal/config/config.go:108.75,112.6 2 1
github.com/AlexBurnes/buildfab/internal/config/config.go:112.6,114.18 2 1
github.com/AlexBurnes/buildfab/internal/config/config.go:114.18,115.9 1 1
github.com/AlexBurnes/buildfab/internal/config/config.go:118.3,119.16 2 1
github.com/AlexBurnes/buildfab/internal/config/config.go:119.16,121.4 1 1
github.com/AlexBurnes/buildfab/internal/config/config.go:123.3,128.14 4 1
github.com/AlexBurnes/buildfab/internal/config/config.go:128.14,130.4 1 1
github.com/AlexBurnes/buildfab/internal/config/config.go:132.3,132.49 1 1
github.com/AlexBurnes/buildfab/internal/config/config.go:135.2,135.20 1 1
github.com/AlexBurnes/buildfab/internal/config/config.go:139.46,144.2 1 1
github.com/AlexBurnes/buildfab/internal/config/config.go:147.73,151.47 2 1
github.com/AlexBurnes/buildfab/internal/config/config.go:151.47,153.3 1 0
github.com/AlexBurnes/buildfab/internal/config/config.go:156.2,156.53 1 1
github.com/AlexBurnes/buildfab/internal/config/config.go:156.53,158.3 1 0
github.com/AlexBurnes/buildfab/internal/config/config.go:160.2,160.23 1 1
github.com/AlexBurnes/buildfab/internal/config/config.go:164.56,167.16 3 1
github.com/AlexBurnes/buildfab/internal/config/config.go:167.16,169.3 1 1
github.com/AlexBurnes/buildfab/internal/config/config.go:170.2,170.47 1 0
github.com/AlexBurnes/buildfab/internal/config/config.go:174.59,177.16 3 1
github.com/AlexBurnes/buildfab/internal/config/config.go:177.16,179.3 1 1
github.com/AlexBurnes/buildfab/internal/config/config.go:180.2,180.47 1 0
github.com/AlexBurnes/buildfab/internal/actions/registry.go:26.22,39.2 7 1
github.com/AlexBurnes/buildfab/internal/actions/registry.go:42.63,44.2 1 1
github.com/AlexBurnes/buildfab/internal/actions/registry.go:47.64,50.2 2 1
github.com/AlexBurnes/buildfab/internal/actions/registry.go:53.52,55.38 2 1
github.com/AlexBurnes/buildfab/internal/actions/registry.go:55.38,57.3 1 1
github.com/AlexBurnes/buildfab/internal/actions/registry.go:58.2,58.16 1 1
github.com/AlexBurnes/buildfab/internal/actions/registry.go:64.80,67.16 3 0
github.com/AlexBurnes/buildfab/internal/actions/registry.go:67.16,72.3 1 0
github.com/AlexBurnes/buildfab/internal/actions/registry.go:74.2,77.29 3 0
github.com/AlexBurnes/buildfab/internal/actions/registry.go:77.29,78.41 1 0
github.com/AlexBurnes/buildfab/internal/actions/registry.go:78.41,80.4 1 0
github.com/AlexBurnes/buildfab/internal/actions/registry.go:83.2,83.24 1 0
github.com/AlexBurnes/buildfab/internal/actions/registry.go:83.24,88.3 1 0
github.com/AlexBurnes/buildfab/internal/actions/registry.go:90.2,93.8 1 0
github.com/AlexBurnes/buildfab/internal/actions/registry.go:96.51,98.2 1 1
github.com/AlexBurnes/buildfab/internal/actions/registry.go:103.82,106.16 3 0
github.com/AlexBurnes/buildfab/internal/actions/registry.go:106.16,111.3 1 0
github.com/AlexBurnes/buildfab/internal/actions/registry.go:113.2,116.29 3 0
github.com/AlexBurnes/buildfab/internal/actions/registry.go:116.29,117.123 1 0
github.com/AlexBurnes/buildfab/internal/actions/registry.go:117.123,119.4 1 0
github.com/AlexBurnes/buildfab/internal/actions/registry.go:122.2,122.26 1 0
github.com/AlexBurnes/buildfab/internal/actions/registry.go:122.26,127.3 1 0
github.com/AlexBurnes/buildfab/internal/actions/registry.go:129.2,132.8 1 0
github.com/AlexBurnes/buildfab/internal/actions/registry.go:135.53,137.2 1 1
github.com/AlexBurnes/buildfab/internal/actions/registry.go:142.79,145.16 3 0
github.com/AlexBurnes/buildfab/internal/actions/registry.go:145.16,150.3 1 0
github.com/AlexBurnes/buildfab/internal/actions/registry.go:152.2,155.29 3 0
github.com/AlexBurnes/buildfab/internal/actions/registry.go:155.29,156.17 1 0
github.com/AlexBurnes/buildfab/internal/actions/registry.go:156.17,158.4 1 0
github.com/AlexBurnes/buildfab/internal/actions/registry.go:161.2,161.23 1 0
github.com/AlexBurnes/buildfab/internal/actions/registry.go:161.23,166.3 1 0
github.com/AlexBurnes/buildfab/internal/actions/registry.go:168.2,171.8 1 0
github.com/AlexBurnes/buildfab/internal/actions/registry.go:174.50,176.2 1 1
github.com/AlexBurnes/buildfab/internal/actions/registry.go:181.80,184.16 2 1
github.com/AlexBurnes/buildfab/internal/actions/registry.go:184.16,189.3 1 1
github.com/AlexBurnes/buildfab/internal/actions/registry.go:191.2,192.19 2 1
github.com/AlexBurnes/buildfab/internal/actions/registry.go:192.19,197.3 1 1
github.com/AlexBurnes/buildfab/internal/actions/registry.go:200.2,200.30 1 1
github.com/AlexBurnes/buildfab/internal/actions/registry.go:200.30,205.3 1 1
github.com/AlexBurnes/buildfab/internal/actions/registry.go:207.2,210.8 1 1
github.com/AlexBurnes/buildfab/internal/actions/registry.go:213.51,215.2 1 1
github.com/AlexBurnes/buildfab/internal/actions/registry.go:220.88,223.16 2 0
github.com/AlexBurnes/buildfab/internal/actions/registry.go:223.16,228.3 1 0
github.com/AlexBurnes/buildfab/internal/actions/registry.go:230.2,235.16 4 0
github.com/AlexBurnes/buildfab/internal/actions/registry.go:235.16,240.3 1 0
github.com/AlexBurnes/buildfab/internal/actions/registry.go:242.2,243.57 2 0
github.com/AlexBurnes/buildfab/internal/actions/registry.go:243.57,248.3 1 0
github.com/AlexBurnes/buildfab/internal/actions/registry.go:251.2,253.35 2 0
github.com/AlexBurnes/buildfab/internal/actions/registry.go:253.35,258.3 1 0
github.com/AlexBurnes/buildfab/internal/actions/registry.go:260.2,263.54 1 0
github.com/AlexBurnes/buildfab/internal/actions/registry.go:266.59,268.2 1 1
github.com/AlexBurnes/buildfab/internal/actions/registry.go:271.42,273.38 1 1
github.com/AlexBurnes/buildfab/internal/actions/registry.go:273.38,275.3 1 1
github.com/AlexBurnes/buildfab/internal/actions/registry.go:278.2,281.37 2 1
github.com/AlexBurnes/buildfab/internal/actions/registry.go:281.37,283.3 1 1
github.com/AlexBurnes/buildfab/internal/actions/registry.go:286.2,287.20 2 1
github.com/AlexBurnes/buildfab/internal/actions/registry.go:287.20,289.3 1 1
github.com/AlexBurnes/buildfab/internal/actions/registry.go:292.2,292.29 1 1
github.com/AlexBurnes/buildfab/internal/actions/registry.go:292.29,293.17 1 1
github.com/AlexBurnes/buildfab/internal/actions/registry.go:293.17,295.4 1 1
github.com/AlexBurnes/buildfab/internal/actions/registry.go:297.3,297.32 1 1
github.com/AlexBurnes/buildfab/internal/actions/registry.go:297.32,299.4 1 0
github.com/AlexBurnes/buildfab/internal/actions/registry.go:302.2,302.13 1 1
github.com/AlexBurnes/buildfab/internal/actions/registry.go:306.43,308.21 1 1
github.com/AlexBurnes/buildfab/internal/actions/registry.go:308.21,310.3 1 1
github.com/AlexBurnes/buildfab/internal/actions/registry.go:313.2,315.69 2 1
github.com/AlexBurnes/buildfab/internal/actions/registry.go:315.69,317.3 1 1
github.com/AlexBurnes/buildfab/internal/actions/registry.go:319.2,319.14 1 1
github.com/AlexBurnes/buildfab/internal/actions/registry.go:323.31,324.13 1 1
github.com/AlexBurnes/buildfab/internal/actions/registry.go:324.13,326.3 1 1
github.com/AlexBurnes/buildfab/internal/actions/registry.go:327.2,327.22 1 1
github.com/AlexBurnes/buildfab/internal/actions/registry.go:327.22,328.25 1 1
github.com/AlexBurnes/buildfab/internal/actions/registry.go:328.25,330.4 1 1
github.com/AlexBurnes/buildfab/internal/actions/registry.go:332.2,332.13 1 1
github.com/AlexBurnes/buildfab/internal/version/version.go:18.22,20.2 1 1
github.com/AlexBurnes/buildfab/internal/version/version.go:35.78,37.53 1 1
github.com/AlexBurnes/buildfab/internal/version/version.go:37.53,39.3 1 1
github.com/AlexBurnes/buildfab/internal/version/version.go:42.2,42.53 1 1
github.com/AlexBurnes/buildfab/internal/version/version.go:42.53,44.3 1 0
github.com/AlexBurnes/buildfab/internal/version/version.go:47.2,47.23 1 1
github.com/AlexBurnes/buildfab/internal/version/version.go:51.81,56.16 3 1
github.com/AlexBurnes/buildfab/internal/version/version.go:56.16,58.3 1 0
github.com/AlexBurnes/buildfab/internal/version/version.go:59.2,63.16 3 1
github.com/AlexBurnes/buildfab/internal/version/version.go:63.16,65.3 1 0
github.com/AlexBurnes/buildfab/internal/version/version.go:67.2,74.16 6 1
github.com/AlexBurnes/buildfab/internal/version/version.go:74.16,76.3 1 1
github.com/AlexBurnes/buildfab/internal/version/version.go:79.2,80.16 2 1
github.com/AlexBurnes/buildfab/internal/version/version.go:80.16,82.3 1 0
github.com/AlexBurnes/buildfab/internal/version/version.go:85.2,87.18 2 1
github.com/AlexBurnes/buildfab/internal/version/version.go:91.88,93.16 2 1
github.com/AlexBurnes/buildfab/internal/version/version.go:93.16,95.3 1 0
github.com/AlexBurnes/buildfab/internal/version/version.go:97.2,108.23 2 1
github.com/AlexBurnes/buildfab/internal/version/version.go:112.54,114.16 2 1
github.com/AlexBurnes/buildfab/internal/version/version.go:114.16,116.3 1 1
github.com/AlexBurnes/buildfab/internal/version/version.go:118.2,119.19 2 1
github.com/AlexBurnes/buildfab/internal/version/version.go:119.19,121.3 1 0
github.com/AlexBurnes/buildfab/internal/version/version.go:123.2,123.21 1 1
github.com/AlexBurnes/buildfab/internal/version/version.go:127.70,130.16 3 1
github.com/AlexBurnes/buildfab/internal/version/version.go:130.16,132.3 1 1
github.com/AlexBurnes/buildfab/internal/version/version.go:133.2,133.47 1 0
github.com/AlexBurnes/buildfab/internal/version/version.go:137.75,141.16 3 1
github.com/AlexBurnes/buildfab/internal/version/version.go:141.16,145.21 3 1
github.com/AlexBurnes/buildfab/internal/version/version.go:145.21,147.4 1 1
github.com/AlexBurnes/buildfab/internal/version/version.go:151.2,152.16 2 0
github.com/AlexBurnes/buildfab/internal/version/version.go:152.16,154.3 1 0
github.com/AlexBurnes/buildfab/internal/version/version.go:156.2,157.20 2 0
github.com/AlexBurnes/buildfab/internal/version/version.go:157.20,159.3 1 0
github.com/AlexBurnes/buildfab/internal/version/version.go:161.2,161.23 1 0
github.com/AlexBurnes/buildfab/internal/version/version.go:165.73,168.16 3 1
github.com/AlexBurnes/buildfab/internal/version/version.go:168.16,170.3 1 1
github.com/AlexBurnes/buildfab/internal/version/version.go:171.2,171.47 1 0
github.com/AlexBurnes/buildfab/internal/version/version.go:175.45,179.2 1 1
github.com/AlexBurnes/buildfab/internal/version/version.go:182.67,184.16 2 0
github.com/AlexBurnes/buildfab/internal/version/version.go:184.16,186.3 1 0
github.com/AlexBurnes/buildfab/internal/version/version.go:187.2,187.36 1 0
